<?xml version="1.0" encoding="UTF-8"?>
<coverage generated="1736291168457" clover="3.2.0">
  <project timestamp="1736291168457" name="All files">
    <metrics statements="47" coveredstatements="35" conditionals="30" coveredconditionals="24" methods="6" coveredmethods="5" elements="83" coveredelements="64" complexity="0" loc="47" ncloc="47" packages="3" files="4" classes="4"/>
    <package name="models">
      <metrics statements="6" coveredstatements="6" conditionals="0" coveredconditionals="0" methods="0" coveredmethods="0"/>
      <file name="menuItem.ts" path="C:\Users\Usuario\Desktop\fullStack\nodeJs\chatbot-sushi\src\models\menuItem.ts">
        <metrics statements="3" coveredstatements="3" conditionals="0" coveredconditionals="0" methods="0" coveredmethods="0"/>
        <line num="1" count="1" type="stmt"/>
        <line num="3" count="1" type="stmt"/>
        <line num="9" count="1" type="stmt"/>
      </file>
      <file name="order.ts" path="C:\Users\Usuario\Desktop\fullStack\nodeJs\chatbot-sushi\src\models\order.ts">
        <metrics statements="3" coveredstatements="3" conditionals="0" coveredconditionals="0" methods="0" coveredmethods="0"/>
        <line num="1" count="1" type="stmt"/>
        <line num="3" count="1" type="stmt"/>
        <line num="9" count="1" type="stmt"/>
      </file>
    </package>
    <package name="services">
      <metrics statements="37" coveredstatements="28" conditionals="29" coveredconditionals="24" methods="5" coveredmethods="5"/>
      <file name="chatbotService.ts" path="C:\Users\Usuario\Desktop\fullStack\nodeJs\chatbot-sushi\src\services\chatbotService.ts">
        <metrics statements="37" coveredstatements="28" conditionals="29" coveredconditionals="24" methods="5" coveredmethods="5"/>
        <line num="1" count="1" type="stmt"/>
        <line num="2" count="1" type="stmt"/>
        <line num="3" count="1" type="stmt"/>
        <line num="8" count="1" type="stmt"/>
        <line num="9" count="1" type="stmt"/>
        <line num="10" count="1" type="stmt"/>
        <line num="11" count="1" type="stmt"/>
        <line num="13" count="0" type="stmt"/>
        <line num="14" count="0" type="stmt"/>
        <line num="23" count="1" type="stmt"/>
        <line num="24" count="1" type="stmt"/>
        <line num="25" count="1" type="stmt"/>
        <line num="26" count="1" type="stmt"/>
        <line num="27" count="1" type="stmt"/>
        <line num="29" count="0" type="stmt"/>
        <line num="30" count="0" type="stmt"/>
        <line num="38" count="1" type="stmt"/>
        <line num="39" count="5" type="stmt"/>
        <line num="41" count="5" type="cond" truecount="3" falsecount="0"/>
        <line num="42" count="1" type="stmt"/>
        <line num="45" count="4" type="cond" truecount="4" falsecount="0"/>
        <line num="46" count="1" type="stmt"/>
        <line num="49" count="3" type="cond" truecount="3" falsecount="0"/>
        <line num="50" count="1" type="stmt"/>
        <line num="53" count="2" type="cond" truecount="3" falsecount="0"/>
        <line num="54" count="1" type="stmt"/>
        <line num="57" count="1" type="cond" truecount="2" falsecount="1"/>
        <line num="58" count="0" type="stmt"/>
        <line num="61" count="1" type="cond" truecount="3" falsecount="1"/>
        <line num="62" count="0" type="stmt"/>
        <line num="65" count="1" type="cond" truecount="2" falsecount="1"/>
        <line num="66" count="0" type="stmt"/>
        <line num="69" count="1" type="cond" truecount="2" falsecount="1"/>
        <line num="70" count="0" type="stmt"/>
        <line num="73" count="1" type="cond" truecount="2" falsecount="1"/>
        <line num="74" count="0" type="stmt"/>
        <line num="77" count="1" type="stmt"/>
      </file>
    </package>
    <package name="utils">
      <metrics statements="4" coveredstatements="1" conditionals="1" coveredconditionals="0" methods="1" coveredmethods="0"/>
      <file name="errorHandler.ts" path="C:\Users\Usuario\Desktop\fullStack\nodeJs\chatbot-sushi\src\utils\errorHandler.ts">
        <metrics statements="4" coveredstatements="1" conditionals="1" coveredconditionals="0" methods="1" coveredmethods="0"/>
        <line num="1" count="1" type="stmt"/>
        <line num="2" count="0" type="cond" truecount="0" falsecount="1"/>
        <line num="3" count="0" type="stmt"/>
        <line num="5" count="0" type="stmt"/>
      </file>
    </package>
  </project>
</coverage>
