{"C:\\Users\\Usuario\\Desktop\\fullStack\\nodeJs\\chatbot-sushi\\src\\models\\menuItem.ts": {"path":"C:\\Users\\Usuario\\Desktop\\fullStack\\nodeJs\\chatbot-sushi\\src\\models\\menuItem.ts","statementMap":{"0":{"start":{"line":1,"column":0},"end":{"line":1,"column":41}},"1":{"start":{"line":3,"column":13},"end":{"line":7,"column":3}},"2":{"start":{"line":9,"column":0},"end":{"line":9,"column":49}}},"fnMap":{},"branchMap":{},"s":{"0":1,"1":1,"2":1},"f":{},"b":{}}
,"C:\\Users\\Usuario\\Desktop\\fullStack\\nodeJs\\chatbot-sushi\\src\\models\\order.ts": {"path":"C:\\Users\\Usuario\\Desktop\\fullStack\\nodeJs\\chatbot-sushi\\src\\models\\order.ts","statementMap":{"0":{"start":{"line":1,"column":0},"end":{"line":1,"column":41}},"1":{"start":{"line":3,"column":13},"end":{"line":7,"column":3}},"2":{"start":{"line":9,"column":0},"end":{"line":9,"column":43}}},"fnMap":{},"branchMap":{},"s":{"0":1,"1":1,"2":1},"f":{},"b":{}}
,"C:\\Users\\Usuario\\Desktop\\fullStack\\nodeJs\\chatbot-sushi\\src\\services\\chatbotService.ts": {"path":"C:\\Users\\Usuario\\Desktop\\fullStack\\nodeJs\\chatbot-sushi\\src\\services\\chatbotService.ts","statementMap":{"0":{"start":{"line":1,"column":0},"end":{"line":1,"column":42}},"1":{"start":{"line":2,"column":0},"end":{"line":2,"column":36}},"2":{"start":{"line":3,"column":0},"end":{"line":3,"column":56}},"3":{"start":{"line":8,"column":25},"end":{"line":16,"column":2}},"4":{"start":{"line":8,"column":36},"end":{"line":16,"column":2}},"5":{"start":{"line":9,"column":2},"end":{"line":15,"column":3}},"6":{"start":{"line":10,"column":17},"end":{"line":10,"column":38}},"7":{"start":{"line":11,"column":4},"end":{"line":11,"column":16}},"8":{"start":{"line":13,"column":25},"end":{"line":13,"column":47}},"9":{"start":{"line":14,"column":4},"end":{"line":14,"column":60}},"10":{"start":{"line":8,"column":13},"end":{"line":8,"column":25}},"11":{"start":{"line":23,"column":30},"end":{"line":32,"column":2}},"12":{"start":{"line":23,"column":71},"end":{"line":32,"column":2}},"13":{"start":{"line":24,"column":2},"end":{"line":31,"column":3}},"14":{"start":{"line":25,"column":21},"end":{"line":25,"column":48}},"15":{"start":{"line":26,"column":4},"end":{"line":26,"column":26}},"16":{"start":{"line":27,"column":4},"end":{"line":27,"column":20}},"17":{"start":{"line":29,"column":25},"end":{"line":29,"column":47}},"18":{"start":{"line":30,"column":4},"end":{"line":30,"column":61}},"19":{"start":{"line":23,"column":13},"end":{"line":23,"column":30}},"20":{"start":{"line":38,"column":25},"end":{"line":78,"column":1}},"21":{"start":{"line":39,"column":28},"end":{"line":39,"column":50}},"22":{"start":{"line":41,"column":2},"end":{"line":43,"column":3}},"23":{"start":{"line":42,"column":4},"end":{"line":42,"column":48}},"24":{"start":{"line":45,"column":2},"end":{"line":47,"column":3}},"25":{"start":{"line":46,"column":4},"end":{"line":46,"column":66}},"26":{"start":{"line":49,"column":2},"end":{"line":51,"column":3}},"27":{"start":{"line":50,"column":4},"end":{"line":50,"column":100}},"28":{"start":{"line":53,"column":2},"end":{"line":55,"column":3}},"29":{"start":{"line":54,"column":4},"end":{"line":54,"column":88}},"30":{"start":{"line":57,"column":2},"end":{"line":59,"column":3}},"31":{"start":{"line":58,"column":4},"end":{"line":58,"column":90}},"32":{"start":{"line":61,"column":2},"end":{"line":63,"column":3}},"33":{"start":{"line":62,"column":4},"end":{"line":62,"column":110}},"34":{"start":{"line":65,"column":2},"end":{"line":67,"column":3}},"35":{"start":{"line":66,"column":4},"end":{"line":66,"column":108}},"36":{"start":{"line":69,"column":2},"end":{"line":71,"column":3}},"37":{"start":{"line":70,"column":4},"end":{"line":70,"column":105}},"38":{"start":{"line":73,"column":2},"end":{"line":75,"column":3}},"39":{"start":{"line":74,"column":4},"end":{"line":74,"column":109}},"40":{"start":{"line":77,"column":2},"end":{"line":77,"column":59}},"41":{"start":{"line":38,"column":13},"end":{"line":38,"column":25}}},"fnMap":{"0":{"name":"(anonymous_8)","decl":{"start":{"line":8,"column":25},"end":{"line":8,"column":34}},"loc":{"start":{"line":8,"column":36},"end":{"line":16,"column":2}}},"1":{"name":"(anonymous_9)","decl":{"start":{"line":8,"column":36},"end":{"line":8,"column":null}},"loc":{"start":{"line":8,"column":36},"end":{"line":16,"column":1}}},"2":{"name":"(anonymous_10)","decl":{"start":{"line":23,"column":30},"end":{"line":23,"column":37}},"loc":{"start":{"line":23,"column":71},"end":{"line":32,"column":2}}},"3":{"name":"(anonymous_11)","decl":{"start":{"line":23,"column":71},"end":{"line":23,"column":null}},"loc":{"start":{"line":23,"column":71},"end":{"line":32,"column":1}}},"4":{"name":"(anonymous_12)","decl":{"start":{"line":38,"column":25},"end":{"line":38,"column":26}},"loc":{"start":{"line":38,"column":46},"end":{"line":78,"column":1}}}},"branchMap":{"0":{"loc":{"start":{"line":41,"column":2},"end":{"line":43,"column":3}},"type":"if","locations":[{"start":{"line":41,"column":2},"end":{"line":43,"column":3}}]},"1":{"loc":{"start":{"line":41,"column":6},"end":{"line":41,"column":85}},"type":"binary-expr","locations":[{"start":{"line":41,"column":6},"end":{"line":41,"column":44}},{"start":{"line":41,"column":48},"end":{"line":41,"column":85}}]},"2":{"loc":{"start":{"line":45,"column":2},"end":{"line":47,"column":3}},"type":"if","locations":[{"start":{"line":45,"column":2},"end":{"line":47,"column":3}}]},"3":{"loc":{"start":{"line":45,"column":6},"end":{"line":45,"column":142}},"type":"binary-expr","locations":[{"start":{"line":45,"column":6},"end":{"line":45,"column":56}},{"start":{"line":45,"column":60},"end":{"line":45,"column":99}},{"start":{"line":45,"column":103},"end":{"line":45,"column":142}}]},"4":{"loc":{"start":{"line":49,"column":2},"end":{"line":51,"column":3}},"type":"if","locations":[{"start":{"line":49,"column":2},"end":{"line":51,"column":3}}]},"5":{"loc":{"start":{"line":49,"column":6},"end":{"line":49,"column":92}},"type":"binary-expr","locations":[{"start":{"line":49,"column":6},"end":{"line":49,"column":50}},{"start":{"line":49,"column":54},"end":{"line":49,"column":92}}]},"6":{"loc":{"start":{"line":53,"column":2},"end":{"line":55,"column":3}},"type":"if","locations":[{"start":{"line":53,"column":2},"end":{"line":55,"column":3}}]},"7":{"loc":{"start":{"line":53,"column":6},"end":{"line":53,"column":89}},"type":"binary-expr","locations":[{"start":{"line":53,"column":6},"end":{"line":53,"column":51}},{"start":{"line":53,"column":55},"end":{"line":53,"column":89}}]},"8":{"loc":{"start":{"line":57,"column":2},"end":{"line":59,"column":3}},"type":"if","locations":[{"start":{"line":57,"column":2},"end":{"line":59,"column":3}}]},"9":{"loc":{"start":{"line":57,"column":6},"end":{"line":57,"column":79}},"type":"binary-expr","locations":[{"start":{"line":57,"column":6},"end":{"line":57,"column":40}},{"start":{"line":57,"column":44},"end":{"line":57,"column":79}}]},"10":{"loc":{"start":{"line":61,"column":2},"end":{"line":63,"column":3}},"type":"if","locations":[{"start":{"line":61,"column":2},"end":{"line":63,"column":3}}]},"11":{"loc":{"start":{"line":61,"column":6},"end":{"line":61,"column":150}},"type":"binary-expr","locations":[{"start":{"line":61,"column":6},"end":{"line":61,"column":64}},{"start":{"line":61,"column":68},"end":{"line":61,"column":109}},{"start":{"line":61,"column":113},"end":{"line":61,"column":150}}]},"12":{"loc":{"start":{"line":65,"column":2},"end":{"line":67,"column":3}},"type":"if","locations":[{"start":{"line":65,"column":2},"end":{"line":67,"column":3}}]},"13":{"loc":{"start":{"line":65,"column":6},"end":{"line":65,"column":98}},"type":"binary-expr","locations":[{"start":{"line":65,"column":6},"end":{"line":65,"column":54}},{"start":{"line":65,"column":58},"end":{"line":65,"column":98}}]},"14":{"loc":{"start":{"line":69,"column":2},"end":{"line":71,"column":3}},"type":"if","locations":[{"start":{"line":69,"column":2},"end":{"line":71,"column":3}}]},"15":{"loc":{"start":{"line":69,"column":6},"end":{"line":69,"column":86}},"type":"binary-expr","locations":[{"start":{"line":69,"column":6},"end":{"line":69,"column":44}},{"start":{"line":69,"column":48},"end":{"line":69,"column":86}}]},"16":{"loc":{"start":{"line":73,"column":2},"end":{"line":75,"column":3}},"type":"if","locations":[{"start":{"line":73,"column":2},"end":{"line":75,"column":3}}]},"17":{"loc":{"start":{"line":73,"column":6},"end":{"line":73,"column":109}},"type":"binary-expr","locations":[{"start":{"line":73,"column":6},"end":{"line":73,"column":58}},{"start":{"line":73,"column":62},"end":{"line":73,"column":109}}]}},"s":{"0":1,"1":1,"2":1,"3":1,"4":1,"5":1,"6":1,"7":1,"8":0,"9":0,"10":1,"11":1,"12":1,"13":1,"14":1,"15":1,"16":1,"17":0,"18":0,"19":1,"20":1,"21":5,"22":5,"23":1,"24":4,"25":1,"26":3,"27":1,"28":2,"29":1,"30":1,"31":0,"32":1,"33":0,"34":1,"35":0,"36":1,"37":0,"38":1,"39":0,"40":1,"41":1},"f":{"0":1,"1":1,"2":1,"3":1,"4":5},"b":{"0":[1],"1":[5,4],"2":[1],"3":[4,3,3],"4":[1],"5":[3,2],"6":[1],"7":[2,1],"8":[0],"9":[1,1],"10":[0],"11":[1,1,1],"12":[0],"13":[1,1],"14":[0],"15":[1,1],"16":[0],"17":[1,1]}}
,"C:\\Users\\Usuario\\Desktop\\fullStack\\nodeJs\\chatbot-sushi\\src\\utils\\errorHandler.ts": {"path":"C:\\Users\\Usuario\\Desktop\\fullStack\\nodeJs\\chatbot-sushi\\src\\utils\\errorHandler.ts","statementMap":{"0":{"start":{"line":1,"column":31},"end":{"line":6,"column":1}},"1":{"start":{"line":2,"column":4},"end":{"line":4,"column":5}},"2":{"start":{"line":3,"column":6},"end":{"line":3,"column":27}},"3":{"start":{"line":5,"column":4},"end":{"line":5,"column":36}},"4":{"start":{"line":1,"column":13},"end":{"line":1,"column":31}}},"fnMap":{"0":{"name":"(anonymous_0)","decl":{"start":{"line":1,"column":31},"end":{"line":1,"column":32}},"loc":{"start":{"line":1,"column":58},"end":{"line":6,"column":1}}}},"branchMap":{"0":{"loc":{"start":{"line":2,"column":4},"end":{"line":4,"column":5}},"type":"if","locations":[{"start":{"line":2,"column":4},"end":{"line":4,"column":5}}]}},"s":{"0":1,"1":0,"2":0,"3":0,"4":1},"f":{"0":0},"b":{"0":[0]}}
}
