TN:
SF:src\models\menuItem.ts
FNF:0
FNH:0
DA:1,1
DA:3,1
DA:9,1
LF:3
LH:3
BRF:0
BRH:0
end_of_record
TN:
SF:src\models\order.ts
FNF:0
FNH:0
DA:1,1
DA:3,1
DA:9,1
LF:3
LH:3
BRF:0
BRH:0
end_of_record
TN:
SF:src\services\chatbotService.ts
FN:8,(anonymous_8)
FN:8,(anonymous_9)
FN:23,(anonymous_10)
FN:23,(anonymous_11)
FN:38,(anonymous_12)
FNF:5
FNH:5
FNDA:1,(anonymous_8)
FNDA:1,(anonymous_9)
FNDA:1,(anonymous_10)
FNDA:1,(anonymous_11)
FNDA:5,(anonymous_12)
DA:1,1
DA:2,1
DA:3,1
DA:8,1
DA:9,1
DA:10,1
DA:11,1
DA:13,0
DA:14,0
DA:23,1
DA:24,1
DA:25,1
DA:26,1
DA:27,1
DA:29,0
DA:30,0
DA:38,1
DA:39,5
DA:41,5
DA:42,1
DA:45,4
DA:46,1
DA:49,3
DA:50,1
DA:53,2
DA:54,1
DA:57,1
DA:58,0
DA:61,1
DA:62,0
DA:65,1
DA:66,0
DA:69,1
DA:70,0
DA:73,1
DA:74,0
DA:77,1
LF:37
LH:28
BRDA:41,0,0,1
BRDA:41,1,0,5
BRDA:41,1,1,4
BRDA:45,2,0,1
BRDA:45,3,0,4
BRDA:45,3,1,3
BRDA:45,3,2,3
BRDA:49,4,0,1
BRDA:49,5,0,3
BRDA:49,5,1,2
BRDA:53,6,0,1
BRDA:53,7,0,2
BRDA:53,7,1,1
BRDA:57,8,0,0
BRDA:57,9,0,1
BRDA:57,9,1,1
BRDA:61,10,0,0
BRDA:61,11,0,1
BRDA:61,11,1,1
BRDA:61,11,2,1
BRDA:65,12,0,0
BRDA:65,13,0,1
BRDA:65,13,1,1
BRDA:69,14,0,0
BRDA:69,15,0,1
BRDA:69,15,1,1
BRDA:73,16,0,0
BRDA:73,17,0,1
BRDA:73,17,1,1
BRF:29
BRH:24
end_of_record
TN:
SF:src\utils\errorHandler.ts
FN:1,(anonymous_0)
FNF:1
FNH:0
FNDA:0,(anonymous_0)
DA:1,1
DA:2,0
DA:3,0
DA:5,0
LF:4
LH:1
BRDA:2,0,0,0
BRF:1
BRH:0
end_of_record
